GCASM List File (GCBASIC 0.99.01 2022-01-27 (Windows 64 bit) : Build 1073)

Symbols:
A 	EQU 	0
ABDEN 	EQU 	0
ABDOVF 	EQU 	7
ACCESS 	EQU 	0
ACKDT 	EQU 	5
ACKEN 	EQU 	4
ACKSTAT 	EQU 	6
ADCON0 	EQU 	31
ADCON0_GO_DONE 	EQU 	1
ADCON1 	EQU 	159
ADCS0 	EQU 	6
ADCS1 	EQU 	7
ADDEN 	EQU 	3
ADFM 	EQU 	7
ADIE 	EQU 	6
ADIF 	EQU 	6
ADON 	EQU 	0
ADRESH 	EQU 	30
ADRESL 	EQU 	158
ANS0 	EQU 	0
ANS1 	EQU 	1
ANS10 	EQU 	2
ANS11 	EQU 	3
ANS12 	EQU 	4
ANS13 	EQU 	5
ANS2 	EQU 	2
ANS3 	EQU 	3
ANS4 	EQU 	4
ANS5 	EQU 	5
ANS6 	EQU 	6
ANS7 	EQU 	7
ANS8 	EQU 	0
ANS9 	EQU 	1
ANSEL 	EQU 	392
ANSELH 	EQU 	393
B 	EQU 	1
BACKWARD 	EQU 	42
BANKED 	EQU 	1
BASPROGRAMEND 	EQU 	40
BASPROGRAMSTART 	EQU 	5
BAUDCTL 	EQU 	391
BCLIE 	EQU 	3
BCLIF 	EQU 	3
BF 	EQU 	0
BRG0 	EQU 	0
BRG1 	EQU 	1
BRG10 	EQU 	2
BRG11 	EQU 	3
BRG12 	EQU 	4
BRG13 	EQU 	5
BRG14 	EQU 	6
BRG15 	EQU 	7
BRG16 	EQU 	3
BRG2 	EQU 	2
BRG3 	EQU 	3
BRG4 	EQU 	4
BRG5 	EQU 	5
BRG6 	EQU 	6
BRG7 	EQU 	7
BRG8 	EQU 	0
BRG9 	EQU 	1
BRGH 	EQU 	2
C 	EQU 	0
C1CH0 	EQU 	0
C1CH1 	EQU 	1
C1IE 	EQU 	5
C1IF 	EQU 	5
C1OE 	EQU 	5
C1ON 	EQU 	7
C1OUT 	EQU 	6
C1POL 	EQU 	4
C1R 	EQU 	2
C1RSEL 	EQU 	5
C1SEN 	EQU 	5
C2CH0 	EQU 	0
C2CH1 	EQU 	1
C2IE 	EQU 	6
C2IF 	EQU 	6
C2OE 	EQU 	5
C2ON 	EQU 	7
C2OUT 	EQU 	6
C2POL 	EQU 	4
C2R 	EQU 	2
C2REN 	EQU 	4
C2RSEL 	EQU 	4
C2SYNC 	EQU 	0
CCP1CON 	EQU 	23
CCP1IE 	EQU 	2
CCP1IF 	EQU 	2
CCP1M0 	EQU 	0
CCP1M1 	EQU 	1
CCP1M2 	EQU 	2
CCP1M3 	EQU 	3
CCP1X 	EQU 	5
CCP1Y 	EQU 	4
CCP2CON 	EQU 	29
CCP2IE 	EQU 	0
CCP2IF 	EQU 	0
CCP2M0 	EQU 	0
CCP2M1 	EQU 	1
CCP2M2 	EQU 	2
CCP2M3 	EQU 	3
CCP2X 	EQU 	5
CCP2Y 	EQU 	4
CCPR1 	EQU 	21
CCPR1H 	EQU 	22
CCPR1L 	EQU 	21
CCPR2 	EQU 	27
CCPR2H 	EQU 	28
CCPR2L 	EQU 	27
CHS0 	EQU 	2
CHS1 	EQU 	3
CHS2 	EQU 	4
CHS3 	EQU 	5
CKE 	EQU 	6
CKP 	EQU 	4
CM1CON0 	EQU 	263
CM2CON0 	EQU 	264
CM2CON1 	EQU 	265
CREN 	EQU 	4
CSRC 	EQU 	7
D 	EQU 	5
DATA_ADDRESS 	EQU 	5
DC 	EQU 	1
DC1B0 	EQU 	4
DC1B1 	EQU 	5
DC2B0 	EQU 	4
DC2B1 	EQU 	5
DELAYTEMP 	EQU 	112
DELAYTEMP2 	EQU 	113
DELAY_MS 	EQU 	47
DMS_INNER 	EQU 	52
DMS_OUTER 	EQU 	50
DMS_START 	EQU 	48
D_A 	EQU 	5
D_NOT_A 	EQU 	5
ECCPAS 	EQU 	156
ECCPAS0 	EQU 	4
ECCPAS1 	EQU 	5
ECCPAS2 	EQU 	6
ECCPASE 	EQU 	7
EEADR 	EQU 	269
EEADRH 	EQU 	271
EECON1 	EQU 	396
EECON2 	EQU 	397
EEDAT 	EQU 	268
EEDATA 	EQU 	268
EEDATH 	EQU 	270
EEIE 	EQU 	4
EEIF 	EQU 	4
EEPGD 	EQU 	7
F 	EQU 	1
FERR 	EQU 	2
FORWARD 	EQU 	61
FSR 	EQU 	4
FVREN 	EQU 	0
GCEN 	EQU 	7
GIE 	EQU 	7
GO 	EQU 	1
GO_DONE 	EQU 	1
GO_NOT_DONE 	EQU 	1
HTS 	EQU 	2
I2C_DATA 	EQU 	5
I2C_READ 	EQU 	2
I2C_START 	EQU 	3
I2C_STOP 	EQU 	4
INDF 	EQU 	0
INITSYS 	EQU 	66
INTCON 	EQU 	11
INTE 	EQU 	4
INTEDG 	EQU 	6
INTF 	EQU 	1
IOCB 	EQU 	150
IOCB0 	EQU 	0
IOCB1 	EQU 	1
IOCB2 	EQU 	2
IOCB3 	EQU 	3
IOCB4 	EQU 	4
IOCB5 	EQU 	5
IOCB6 	EQU 	6
IOCB7 	EQU 	7
IRCF0 	EQU 	4
IRCF1 	EQU 	5
IRCF2 	EQU 	6
IRP 	EQU 	7
LEFTTURN 	EQU 	95
LTS 	EQU 	1
MC1OUT 	EQU 	7
MC2OUT 	EQU 	6
MSK 	EQU 	147
MSK0 	EQU 	0
MSK1 	EQU 	1
MSK2 	EQU 	2
MSK3 	EQU 	3
MSK4 	EQU 	4
MSK5 	EQU 	5
MSK6 	EQU 	6
MSK7 	EQU 	7
NOT_A 	EQU 	5
NOT_ADDRESS 	EQU 	5
NOT_BO 	EQU 	0
NOT_BOR 	EQU 	0
NOT_DONE 	EQU 	1
NOT_PD 	EQU 	3
NOT_POR 	EQU 	1
NOT_RBPU 	EQU 	7
NOT_RC8 	EQU 	6
NOT_T1SYNC 	EQU 	2
NOT_TO 	EQU 	4
NOT_TX8 	EQU 	6
NOT_W 	EQU 	2
NOT_WRITE 	EQU 	2
OERR 	EQU 	1
OPTION_REG 	EQU 	129
OSCCON 	EQU 	143
OSCTUNE 	EQU 	144
OSFIE 	EQU 	7
OSFIF 	EQU 	7
OSTS 	EQU 	3
P 	EQU 	4
P1M0 	EQU 	6
P1M1 	EQU 	7
PCL 	EQU 	2
PCLATH 	EQU 	10
PCON 	EQU 	142
PDC0 	EQU 	0
PDC1 	EQU 	1
PDC2 	EQU 	2
PDC3 	EQU 	3
PDC4 	EQU 	4
PDC5 	EQU 	5
PDC6 	EQU 	6
PEIE 	EQU 	6
PEN 	EQU 	2
PIE1 	EQU 	140
PIE2 	EQU 	141
PIR1 	EQU 	12
PIR2 	EQU 	13
PORTA 	EQU 	5
PORTB 	EQU 	6
PORTC 	EQU 	7
PORTD 	EQU 	8
PORTE 	EQU 	9
PR2 	EQU 	146
PRSEN 	EQU 	7
PS0 	EQU 	0
PS1 	EQU 	1
PS2 	EQU 	2
PSA 	EQU 	3
PSSAC0 	EQU 	2
PSSAC1 	EQU 	3
PSSBD0 	EQU 	0
PSSBD1 	EQU 	1
PSTRCON 	EQU 	157
PULSR 	EQU 	2
PULSS 	EQU 	3
PWM1CON 	EQU 	155
R 	EQU 	2
RA0 	EQU 	0
RA1 	EQU 	1
RA2 	EQU 	2
RA3 	EQU 	3
RA4 	EQU 	4
RA5 	EQU 	5
RA6 	EQU 	6
RA7 	EQU 	7
RB0 	EQU 	0
RB1 	EQU 	1
RB2 	EQU 	2
RB3 	EQU 	3
RB4 	EQU 	4
RB5 	EQU 	5
RB6 	EQU 	6
RB7 	EQU 	7
RBIE 	EQU 	3
RBIF 	EQU 	0
RC0 	EQU 	0
RC1 	EQU 	1
RC2 	EQU 	2
RC3 	EQU 	3
RC4 	EQU 	4
RC5 	EQU 	5
RC6 	EQU 	6
RC7 	EQU 	7
RC8_9 	EQU 	6
RC9 	EQU 	6
RCD8 	EQU 	0
RCEN 	EQU 	3
RCIDL 	EQU 	6
RCIE 	EQU 	5
RCIF 	EQU 	5
RCREG 	EQU 	26
RCSTA 	EQU 	24
RD 	EQU 	0
RD0 	EQU 	0
RD1 	EQU 	1
RD2 	EQU 	2
RD3 	EQU 	3
RD4 	EQU 	4
RD5 	EQU 	5
RD6 	EQU 	6
RD7 	EQU 	7
RE0 	EQU 	0
RE1 	EQU 	1
RE2 	EQU 	2
RE3 	EQU 	3
READ_WRITE 	EQU 	2
RIGHTTURN 	EQU 	100
RP0 	EQU 	5
RP1 	EQU 	6
RSEN 	EQU 	1
RX9 	EQU 	6
RX9D 	EQU 	0
R_NOT_W 	EQU 	2
R_W 	EQU 	2
S 	EQU 	3
SBOREN 	EQU 	4
SCKP 	EQU 	4
SCS 	EQU 	0
SEN 	EQU 	0
SENDB 	EQU 	3
SMP 	EQU 	7
SPBRG 	EQU 	153
SPBRGH 	EQU 	154
SPEN 	EQU 	7
SR0 	EQU 	6
SR1 	EQU 	7
SRCON 	EQU 	389
SREN 	EQU 	5
SSPADD 	EQU 	147
SSPBUF 	EQU 	19
SSPCON 	EQU 	20
SSPCON2 	EQU 	145
SSPEN 	EQU 	5
SSPIE 	EQU 	3
SSPIF 	EQU 	3
SSPM0 	EQU 	0
SSPM1 	EQU 	1
SSPM2 	EQU 	2
SSPM3 	EQU 	3
SSPMSK 	EQU 	147
SSPMSK_MSK0 	EQU 	0
SSPMSK_MSK1 	EQU 	1
SSPMSK_MSK2 	EQU 	2
SSPMSK_MSK3 	EQU 	3
SSPMSK_MSK4 	EQU 	4
SSPMSK_MSK5 	EQU 	5
SSPMSK_MSK6 	EQU 	6
SSPMSK_MSK7 	EQU 	7
SSPOV 	EQU 	6
SSPSTAT 	EQU 	148
STATUS 	EQU 	3
STRA 	EQU 	0
STRB 	EQU 	1
STRC 	EQU 	2
STRD 	EQU 	3
STRSYNC 	EQU 	4
SWDTEN 	EQU 	0
SYNC 	EQU 	4
SYSDOLOOP_E1 	EQU 	39
SYSDOLOOP_S1 	EQU 	12
SYSWAITTEMPMS 	EQU 	114
SYSWAITTEMPMS_H 	EQU 	115
T0CS 	EQU 	5
T0IE 	EQU 	5
T0IF 	EQU 	2
T0SE 	EQU 	4
T1CKPS0 	EQU 	4
T1CKPS1 	EQU 	5
T1CON 	EQU 	16
T1GINV 	EQU 	7
T1GIV 	EQU 	7
T1GSS 	EQU 	1
T1INSYNC 	EQU 	2
T1OSCEN 	EQU 	3
T1SYNC 	EQU 	2
T2CKPS0 	EQU 	0
T2CKPS1 	EQU 	1
T2CON 	EQU 	18
TMR0 	EQU 	1
TMR0IE 	EQU 	5
TMR0IF 	EQU 	2
TMR1 	EQU 	14
TMR1CS 	EQU 	1
TMR1GE 	EQU 	6
TMR1H 	EQU 	15
TMR1IE 	EQU 	0
TMR1IF 	EQU 	0
TMR1L 	EQU 	14
TMR1ON 	EQU 	0
TMR2 	EQU 	17
TMR2IE 	EQU 	1
TMR2IF 	EQU 	1
TMR2ON 	EQU 	2
TOUTPS0 	EQU 	3
TOUTPS1 	EQU 	4
TOUTPS2 	EQU 	5
TOUTPS3 	EQU 	6
TRISA 	EQU 	133
TRISA0 	EQU 	0
TRISA1 	EQU 	1
TRISA2 	EQU 	2
TRISA3 	EQU 	3
TRISA4 	EQU 	4
TRISA5 	EQU 	5
TRISA6 	EQU 	6
TRISA7 	EQU 	7
TRISB 	EQU 	134
TRISB0 	EQU 	0
TRISB1 	EQU 	1
TRISB2 	EQU 	2
TRISB3 	EQU 	3
TRISB4 	EQU 	4
TRISB5 	EQU 	5
TRISB6 	EQU 	6
TRISB7 	EQU 	7
TRISC 	EQU 	135
TRISC0 	EQU 	0
TRISC1 	EQU 	1
TRISC2 	EQU 	2
TRISC3 	EQU 	3
TRISC4 	EQU 	4
TRISC5 	EQU 	5
TRISC6 	EQU 	6
TRISC7 	EQU 	7
TRISD 	EQU 	136
TRISD0 	EQU 	0
TRISD1 	EQU 	1
TRISD2 	EQU 	2
TRISD3 	EQU 	3
TRISD4 	EQU 	4
TRISD5 	EQU 	5
TRISD6 	EQU 	6
TRISD7 	EQU 	7
TRISE 	EQU 	137
TRISE0 	EQU 	0
TRISE1 	EQU 	1
TRISE2 	EQU 	2
TRISE3 	EQU 	3
TRMT 	EQU 	1
TUN0 	EQU 	0
TUN1 	EQU 	1
TUN2 	EQU 	2
TUN3 	EQU 	3
TUN4 	EQU 	4
TX8_9 	EQU 	6
TX9 	EQU 	6
TX9D 	EQU 	0
TXD8 	EQU 	0
TXEN 	EQU 	5
TXIE 	EQU 	4
TXIF 	EQU 	4
TXREG 	EQU 	25
TXSTA 	EQU 	152
UA 	EQU 	1
ULPWUE 	EQU 	5
ULPWUIE 	EQU 	2
ULPWUIF 	EQU 	2
VCFG0 	EQU 	4
VCFG1 	EQU 	5
VR0 	EQU 	0
VR1 	EQU 	1
VR2 	EQU 	2
VR3 	EQU 	3
VRCON 	EQU 	151
VREN 	EQU 	7
VROE 	EQU 	6
VRR 	EQU 	5
VRSS 	EQU 	4
W 	EQU 	0
WCOL 	EQU 	7
WDTCON 	EQU 	261
WDTPS0 	EQU 	1
WDTPS1 	EQU 	2
WDTPS2 	EQU 	3
WDTPS3 	EQU 	4
WPUB 	EQU 	149
WPUB0 	EQU 	0
WPUB1 	EQU 	1
WPUB2 	EQU 	2
WPUB3 	EQU 	3
WPUB4 	EQU 	4
WPUB5 	EQU 	5
WPUB6 	EQU 	6
WPUB7 	EQU 	7
WR 	EQU 	1
WREN 	EQU 	2
WRERR 	EQU 	3
WUE 	EQU 	1
Z 	EQU 	2

Code:
Loc	Obj Code	Original Assembly





000000	118A	PAGESEL BASPROGRAMSTART
000000	118A 120A	PAGESEL BASPROGRAMSTART
000002	2805	GOTO BASPROGRAMSTART

000004	0009	RETFIE



		BASPROGRAMSTART
000005	2042	CALL INITSYS

000000	1683	BANKSEL TRISC
000000	1683 1303	BANKSEL TRISC
000008	1387	BCF TRISC,7
000009	1307	BCF TRISC,6
00000A	1287	BCF TRISC,5
00000B	1207	BCF TRISC,4
		SYSDOLOOP_S1
000000	1283	BANKSEL STATUS
000000	1283 1303	BANKSEL STATUS
00000E	203D	CALL FORWARD
00000F	30D0	MOVLW 208
000010	00F2	MOVWF SYSWAITTEMPMS
000011	3007	MOVLW 7
000012	00F3	MOVWF SYSWAITTEMPMS_H
000013	202F	CALL DELAY_MS
000014	202A	CALL BACKWARD
000015	30D0	MOVLW 208
000016	00F2	MOVWF SYSWAITTEMPMS
000017	3007	MOVLW 7
000018	00F3	MOVWF SYSWAITTEMPMS_H
000019	202F	CALL DELAY_MS
00001A	205F	CALL LEFTTURN
00001B	30D0	MOVLW 208
00001C	00F2	MOVWF SYSWAITTEMPMS
00001D	3007	MOVLW 7
00001E	00F3	MOVWF SYSWAITTEMPMS_H
00001F	202F	CALL DELAY_MS
000020	2064	CALL RIGHTTURN
000021	30D0	MOVLW 208
000022	00F2	MOVWF SYSWAITTEMPMS
000023	3007	MOVLW 7
000024	00F3	MOVWF SYSWAITTEMPMS_H
000025	202F	CALL DELAY_MS
000026	280C	GOTO SYSDOLOOP_S1
		SYSDOLOOP_E1
000027	2828	GOTO BASPROGRAMEND
		BASPROGRAMEND
000028	0063	SLEEP
000029	2828	GOTO BASPROGRAMEND


		BACKWARD
00002A	1387	BCF PORTC,7
00002B	1707	BSF PORTC,6
00002C	1287	BCF PORTC,5
00002D	1607	BSF PORTC,4
00002E	0008	RETURN


		DELAY_MS
00002F	0AF3	INCF SYSWAITTEMPMS_H, F
		DMS_START
000030	3004	MOVLW 4
000031	00F1	MOVWF DELAYTEMP2
		DMS_OUTER
000032	30A5	MOVLW 165
000033	00F0	MOVWF DELAYTEMP
		DMS_INNER
000034	0BF0	DECFSZ DELAYTEMP, F
000035	2834	GOTO DMS_INNER
000036	0BF1	DECFSZ DELAYTEMP2, F
000037	2832	GOTO DMS_OUTER
000038	0BF2	DECFSZ SYSWAITTEMPMS, F
000039	2830	GOTO DMS_START
00003A	0BF3	DECFSZ SYSWAITTEMPMS_H, F
00003B	2830	GOTO DMS_START
00003C	0008	RETURN


		FORWARD
00003D	1787	BSF PORTC,7
00003E	1307	BCF PORTC,6
00003F	1687	BSF PORTC,5
000040	1207	BCF PORTC,4
000041	0008	RETURN


		INITSYS
000042	3070	MOVLW 112
000000	1683	BANKSEL OSCCON
000000	1683 1303	BANKSEL OSCCON
000045	048F	IORWF OSCCON,F
000046	308F	MOVLW 143
000047	058F	ANDWF OSCCON,F
000048	170F	BSF OSCCON,IRCF2
000049	168F	BSF OSCCON,IRCF1
00004A	160F	BSF OSCCON,IRCF0
00004B	139F	BCF ADCON1,ADFM
000000	1283	BANKSEL ADCON0
000000	1283 1303	BANKSEL ADCON0
00004E	101F	BCF ADCON0,ADON
000000	1683	BANKSEL ANSEL
000000	1683 1703	BANKSEL ANSEL
000051	0188	CLRF ANSEL
000052	0189	CLRF ANSELH
000000	1283	BANKSEL CM2CON0
000000	1283 1703	BANKSEL CM2CON0
000055	1388	BCF CM2CON0,C2ON
000056	1387	BCF CM1CON0,C1ON
000000	1283	BANKSEL PORTA
000000	1283 1303	BANKSEL PORTA
000059	0185	CLRF PORTA
00005A	0186	CLRF PORTB
00005B	0187	CLRF PORTC
00005C	0188	CLRF PORTD
00005D	0189	CLRF PORTE
00005E	0008	RETURN


		LEFTTURN
00005F	1387	BCF PORTC,7
000060	1707	BSF PORTC,6
000061	1687	BSF PORTC,5
000062	1207	BCF PORTC,4
000063	0008	RETURN


		RIGHTTURN
000064	1787	BSF PORTC,7
000065	1307	BCF PORTC,6
000066	1287	BCF PORTC,5
000067	1607	BSF PORTC,4
000068	0008	RETURN





